<?xml version="1.0" encoding="UTF-8"?>
<!-- Generated by org.testng.reporters.JUnitReportReporter -->
<testsuite hostname="RAGHU_K" failures="0" tests="4" name="tests.CartTest" time="24.135" errors="0" timestamp="2025-09-08T18:40:11 IST" skipped="0">
  <testcase classname="tests.CartTest" name="testContinueShoppingFromCart" time="3.543"/>
  <testcase classname="tests.CartTest" name="testProceedToCheckout" time="3.502"/>
  <testcase classname="tests.CartTest" name="testRemoveItemFromCart" time="13.547"/>
  <testcase classname="tests.CartTest" name="testVerifyCartItems" time="3.543"/>
</testsuite> <!-- tests.CartTest -->
