<?xml version="1.0" encoding="UTF-8"?>
<!-- Generated by org.testng.reporters.JUnitReportReporter -->
<testsuite hostname="RAGHU_K" failures="0" tests="8" name="tests.LoginTest" time="30.349" errors="0" timestamp="2025-09-08T18:40:11 IST" skipped="0">
  <testcase classname="tests.LoginTest" name="testErrorMessageText" time="3.013"/>
  <testcase classname="tests.LoginTest" name="testLockedOutUser" time="2.890"/>
  <testcase classname="tests.LoginTest" name="testPerformanceGlitchUserLogin" time="8.103"/>
  <testcase classname="tests.LoginTest" name="testProblemUserLogin" time="3.240"/>
  <testcase classname="tests.LoginTest" name="testValidLoginStandardUser" time="3.497"/>
  <testcase classname="tests.LoginTest" name="testLogoutFunctionality" time="3.842"/>
  <testcase classname="tests.LoginTest" name="testEmptyCredentials" time="2.881"/>
  <testcase classname="tests.LoginTest" name="testInvalidCredentials" time="2.883"/>
</testsuite> <!-- tests.LoginTest -->
