<?xml version="1.0" encoding="UTF-8"?>
<!-- Generated by org.testng.reporters.JUnitReportReporter -->
<testsuite hostname="RAGHU_K" failures="0" tests="7" name="tests.CheckoutTest" time="29.194" errors="0" timestamp="2025-09-08T18:40:11 IST" skipped="0">
  <testcase classname="tests.CheckoutTest" name="testCancelCheckout" time="4.047"/>
  <testcase classname="tests.CheckoutTest" name="testBackHomeFromCheckoutComplete" time="4.650"/>
  <testcase classname="tests.CheckoutTest" name="testCompleteCheckoutValidData" time="4.202"/>
  <testcase classname="tests.CheckoutTest" name="testOrderConfirmationPage" time="4.228"/>
  <testcase classname="tests.CheckoutTest" name="testOrderSummaryValidation" time="3.873"/>
  <testcase classname="tests.CheckoutTest" name="testEmptyFirstName" time="4.024"/>
  <testcase classname="tests.CheckoutTest" name="testEmptyPostalCode" time="4.170"/>
</testsuite> <!-- tests.CheckoutTest -->
