<?xml version="1.0" encoding="UTF-8"?>
<!-- Generated by org.testng.reporters.JUnitReportReporter -->
<testsuite hostname="RAGHU_K" failures="0" tests="7" name="tests.ProductTest" time="27.807" errors="0" timestamp="2025-09-08T18:40:11 IST" skipped="0">
  <testcase classname="tests.ProductTest" name="testSortingOptions" time="3.728"/>
  <testcase classname="tests.ProductTest" name="testProductListingPage" time="3.527"/>
  <testcase classname="tests.ProductTest" name="testClickProductDetailsPage" time="3.341"/>
  <testcase classname="tests.ProductTest" name="testRemoveProductFromCart" time="3.492"/>
  <testcase classname="tests.ProductTest" name="testAddProductToCart" time="3.529"/>
  <testcase classname="tests.ProductTest" name="testProductNamesAndPricesDisplayed" time="6.415"/>
  <testcase classname="tests.ProductTest" name="testAddMultipleProductsToCart" time="3.775"/>
</testsuite> <!-- tests.ProductTest -->
