<?xml version="1.0" encoding="UTF-8"?>
<!-- Generated by org.testng.reporters.JUnitReportReporter -->
<testsuite hostname="RAGHU_K" failures="0" tests="5" name="tests.UITest" time="20.444" errors="0" timestamp="2025-09-08T18:40:11 IST" skipped="0">
  <testcase classname="tests.UITest" name="testResetAppState" time="3.886"/>
  <testcase classname="tests.UITest" name="testNavigateToAbout" time="6.837"/>
  <testcase classname="tests.UITest" name="testFooterLinksAndIcons" time="2.998"/>
  <testcase classname="tests.UITest" name="testBurgerMenuPresence" time="2.935"/>
  <testcase classname="tests.UITest" name="testLogoutFromBurgerMenu" time="3.788"/>
</testsuite> <!-- tests.UITest -->
